Arguments: 
  /usr/bin/node /mnt/c/Program Files (x86)/Yarn/bin/yarn.js install

PATH: 
  /home/hatori/bin:/home/hatori/.local/bin:/usr/local/sbin:/usr/local/bin:/usr/sbin:/usr/bin:/sbin:/bin:/usr/games:/usr/local/games:/mnt/c/Program Files/Docker/Docker/resources/bin:/mnt/c/Cmder:/mnt/c/Windows/System32:/mnt/c/Windows:/mnt/c/Windows/System32/wbem:/mnt/c/Windows/System32/WindowsPowerShell/v1.0:/mnt/c/Program Files (x86)/NVIDIA Corporation/PhysX/Common:/mnt/c/Program Files/Git/cmd:/mnt/c/Program Files (x86)/Yarn/bin:/mnt/c/Program Files/PuTTY:/mnt/c/Program Files/nodejs:/mnt/c/Windows/System32:/mnt/c/Windows:/mnt/c/Windows/System32/wbem:/mnt/c/Windows/System32/WindowsPowerShell/v1.0:/mnt/c/Windows/System32/OpenSSH:/mnt/c/Program Files/Microsoft VS Code/bin:/mnt/c/Users/radit/AppData/Roaming/npm:/mnt/c/Users/radit/AppData/Local/hyper/app-2.0.0/resources/bin:/snap/bin:/usr/local/go/bin:/home/hatori/projects/go/bin

Yarn version: 
  1.3.2

Node version: 
  8.10.0

Platform: 
  linux x64

npm manifest: 
  {
    "name": "radityasurya.com",
    "version": "1.0.0",
    "description": "Personal website",
    "author": "radityasurya <radityasurya@hotmail.com>",
    "private": true,
    "scripts": {
      "dev": "nuxt",
      "build": "nuxt build",
      "start": "nuxt start",
      "generate": "nuxt generate",
      "lint": "eslint --ext .js,.vue --ignore-path .gitignore .",
      "precommit": "npm run lint"
    },
    "dependencies": {
      "nuxt": "^1.0.0"
    },
    "devDependencies": {
      "babel-eslint": "^8.2.1",
      "eslint": "^4.15.0",
      "eslint-friendly-formatter": "^3.0.0",
      "eslint-loader": "^1.7.1",
      "eslint-plugin-vue": "^4.0.0"
    }
  }

yarn manifest: 
  No manifest

Lockfile: 
  No lockfile

Trace: 
  Error: ENOENT: no such file or directory, copyfile '/home/hatori/.cache/yarn/v1/npm-core-js-2.5.7-f972608ff0cead68b841a16a932d0b183791814e/library/modules/_own-keys.js' -> '/mnt/e/github.com/radityasurya/radityasurya.com/node_modules/core-js/library/modules/_own-keys.js'
